#
# A fatal error has been detected by the Java Runtime Environment:
#
#  SIGSEGV (0xb) at pc=0x00007f49433150ad, pid=13804, tid=13814
#
# JRE version: OpenJDK Runtime Environment (11.0.9.1+1) (build 11.0.9.1+1-Ubuntu-0ubuntu1.20.04)
# Java VM: OpenJDK 64-Bit Server VM (11.0.9.1+1-Ubuntu-0ubuntu1.20.04, mixed mode, sharing, tiered, compressed oops, serial gc, linux-amd64)
# Problematic frame:
# C  [libjimage.so+0x30ad]
#
# Core dump will be written. Default location: Core dumps may be processed with "/usr/share/apport/apport %p %s %c %d %P %E" (or dumping to /home/sapi/Desktop/tesztprojekt/sapi2020proj/core.13804)
#
# If you would like to submit a bug report, please visit:
#   https://bugs.launchpad.net/ubuntu/+source/openjdk-lts
#

---------------  S U M M A R Y ------------

Command Line: -agentlib:jdwp=transport=dt_socket,suspend=y,address=localhost:42165 -ea -javaagent:/home/sapi/eclipse/jee-2018-09/eclipse/configuration/org.eclipse.osgi/414/0/.cp/lib/javaagent-shaded.jar -Dfile.encoding=UTF-8 org.eclipse.jdt.internal.junit.runner.RemoteTestRunner -version 3 -port 43797 -testLoaderClass org.eclipse.jdt.internal.junit4.runner.JUnit4TestLoader -loaderpluginname org.eclipse.jdt.junit4.runtime -test ro.sapientia2015.story.controller.ITPriorityControllerTest:findByIdWhenIsNotFound

Host: Intel(R) Core(TM) i5-6300U CPU @ 2.40GHz, 1 cores, 1G, Ubuntu 20.04.1 LTS
Time: Sun Jan 10 17:14:36 2021 EET elapsed time: 3.460823 seconds (0d 0h 0m 3s)

---------------  T H R E A D  ---------------

Current thread (0x00007f493c0c5000):  JavaThread "Signal Dispatcher" daemon [_thread_in_vm, id=13814, stack(0x00007f49419c7000,0x00007f4941ac8000)]

Stack: [0x00007f49419c7000,0x00007f4941ac8000],  sp=0x00007f4941ac51f0,  free space=1016k
Native frames: (J=compiled Java code, A=aot compiled Java code, j=interpreted, Vv=VM code, C=native code)
C  [libjimage.so+0x30ad]
C  [libjimage.so+0x3da2]
C  [libjimage.so+0x42b1]