2021-01-10 19:32:07,509 [Worker-2: Loading available Gradle versions] INFO  c.g.t.t.d.PublishedGradleVersions - Gradle version information cache is out-of-date. Trying to update.
2021-01-10 19:33:54,655 [Worker-9: Refreshing workspace] ERROR o.e.m.j.i.l.MavenLaunchConfigurationListener - The resource tree is locked for modifications.
org.eclipse.core.internal.resources.ResourceException: The resource tree is locked for modifications.
	at org.eclipse.core.internal.resources.WorkManager.checkIn(WorkManager.java:122) ~[na:na]
	at org.eclipse.core.internal.resources.Workspace.prepareOperation(Workspace.java:2240) ~[na:na]
	at org.eclipse.core.internal.resources.Workspace.run(Workspace.java:2287) ~[na:na]
	at org.eclipse.core.internal.resources.Workspace.run(Workspace.java:2319) ~[na:na]
	at org.eclipse.debug.internal.core.LaunchConfigurationWorkingCopy.doSave(LaunchConfigurationWorkingCopy.java:225) ~[na:na]
	at org.eclipse.debug.internal.core.LaunchConfigurationWorkingCopy.doSave(LaunchConfigurationWorkingCopy.java:186) ~[na:na]
	at org.eclipse.m2e.jdt.internal.launch.MavenRuntimeClasspathProvider.enable(MavenRuntimeClasspathProvider.java:341) ~[na:na]
	at org.eclipse.m2e.jdt.internal.launch.MavenLaunchConfigurationListener.updateLaunchConfiguration(MavenLaunchConfigurationListener.java:55) ~[na:na]
	at org.eclipse.m2e.jdt.internal.launch.MavenLaunchConfigurationListener.launchConfigurationAdded(MavenLaunchConfigurationListener.java:34) ~[na:na]
	at org.eclipse.debug.internal.core.LaunchManager$ConfigurationNotifier.run(LaunchManager.java:219) ~[na:na]
	at org.eclipse.core.runtime.SafeRunner.run(SafeRunner.java:45) ~[org.eclipse.equinox.common_3.10.100.v20180827-1235.jar:na]
	at org.eclipse.debug.internal.core.LaunchManager$ConfigurationNotifier.notify(LaunchManager.java:209) ~[na:na]
	at org.eclipse.debug.internal.core.LaunchManager.launchConfigurationAdded(LaunchManager.java:2124) ~[na:na]
	at org.eclipse.debug.internal.core.LaunchManager$LaunchManagerVisitor.visit(LaunchManager.java:372) ~[na:na]
	at org.eclipse.core.internal.events.ResourceDelta.accept(ResourceDelta.java:67) ~[na:na]
	at org.eclipse.core.internal.events.ResourceDelta.accept(ResourceDelta.java:77) ~[na:na]
	at org.eclipse.core.internal.events.ResourceDelta.accept(ResourceDelta.java:77) ~[na:na]
	at org.eclipse.core.internal.events.ResourceDelta.accept(ResourceDelta.java:77) ~[na:na]
	at org.eclipse.core.internal.events.ResourceDelta.accept(ResourceDelta.java:77) ~[na:na]
	at org.eclipse.core.internal.events.ResourceDelta.accept(ResourceDelta.java:77) ~[na:na]
	at org.eclipse.core.internal.events.ResourceDelta.accept(ResourceDelta.java:77) ~[na:na]
	at org.eclipse.core.internal.events.ResourceDelta.accept(ResourceDelta.java:51) ~[na:na]
	at org.eclipse.debug.internal.core.LaunchManager.resourceChanged(LaunchManager.java:2276) ~[na:na]
	at org.eclipse.core.internal.events.NotificationManager$1.run(NotificationManager.java:300) ~[na:na]
	at org.eclipse.core.runtime.SafeRunner.run(SafeRunner.java:45) ~[org.eclipse.equinox.common_3.10.100.v20180827-1235.jar:na]
	at org.eclipse.core.internal.events.NotificationManager.notify(NotificationManager.java:290) ~[na:na]
	at org.eclipse.core.internal.events.NotificationManager.broadcastChanges(NotificationManager.java:153) ~[na:na]
	at org.eclipse.core.internal.resources.Workspace.broadcastPostChange(Workspace.java:379) ~[na:na]
	at org.eclipse.core.internal.resources.Workspace.endOperation(Workspace.java:1502) ~[na:na]
	at org.eclipse.core.internal.resources.InternalWorkspaceJob.run(InternalWorkspaceJob.java:49) ~[na:na]
	at org.eclipse.core.internal.jobs.Worker.run(Worker.java:63) ~[org.eclipse.core.jobs_3.10.100.v20180817-1215.jar:na]
Caused by: java.lang.Exception: The resource tree is locked for modifications.
	at org.eclipse.core.internal.resources.ResourceException.provideStackTrace(ResourceException.java:42) ~[na:na]
	at org.eclipse.core.internal.resources.ResourceException.<init>(ResourceException.java:38) ~[na:na]
	... 31 common frames omitted
2021-01-10 19:33:54,709 [Worker-9: Refreshing workspace] ERROR o.e.m.j.i.l.MavenLaunchConfigurationListener - The resource tree is locked for modifications.
org.eclipse.core.internal.resources.ResourceException: The resource tree is locked for modifications.
	at org.eclipse.core.internal.resources.WorkManager.checkIn(WorkManager.java:122) ~[na:na]
	at org.eclipse.core.internal.resources.Workspace.prepareOperation(Workspace.java:2240) ~[na:na]
	at org.eclipse.core.internal.resources.Workspace.run(Workspace.java:2287) ~[na:na]
	at org.eclipse.core.internal.resources.Workspace.run(Workspace.java:2319) ~[na:na]
	at org.eclipse.debug.internal.core.LaunchConfigurationWorkingCopy.doSave(LaunchConfigurationWorkingCopy.java:225) ~[na:na]
	at org.eclipse.debug.internal.core.LaunchConfigurationWorkingCopy.doSave(LaunchConfigurationWorkingCopy.java:186) ~[na:na]
	at org.eclipse.m2e.jdt.internal.launch.MavenRuntimeClasspathProvider.enable(MavenRuntimeClasspathProvider.java:341) ~[na:na]
	at org.eclipse.m2e.jdt.internal.launch.MavenLaunchConfigurationListener.updateLaunchConfiguration(MavenLaunchConfigurationListener.java:55) ~[na:na]
	at org.eclipse.m2e.jdt.internal.launch.MavenLaunchConfigurationListener.launchConfigurationAdded(MavenLaunchConfigurationListener.java:34) ~[na:na]
	at org.eclipse.debug.internal.core.LaunchManager$ConfigurationNotifier.run(LaunchManager.java:219) ~[na:na]
	at org.eclipse.core.runtime.SafeRunner.run(SafeRunner.java:45) ~[org.eclipse.equinox.common_3.10.100.v20180827-1235.jar:na]
	at org.eclipse.debug.internal.core.LaunchManager$ConfigurationNotifier.notify(LaunchManager.java:209) ~[na:na]
	at org.eclipse.debug.internal.core.LaunchManager.launchConfigurationAdded(LaunchManager.java:2124) ~[na:na]
	at org.eclipse.debug.internal.core.LaunchManager$LaunchManagerVisitor.visit(LaunchManager.java:372) ~[na:na]
	at org.eclipse.core.internal.events.ResourceDelta.accept(ResourceDelta.java:67) ~[na:na]
	at org.eclipse.core.internal.events.ResourceDelta.accept(ResourceDelta.java:77) ~[na:na]
	at org.eclipse.core.internal.events.ResourceDelta.accept(ResourceDelta.java:77) ~[na:na]
	at org.eclipse.core.internal.events.ResourceDelta.accept(ResourceDelta.java:77) ~[na:na]
	at org.eclipse.core.internal.events.ResourceDelta.accept(ResourceDelta.java:77) ~[na:na]
	at org.eclipse.core.internal.events.ResourceDelta.accept(ResourceDelta.java:77) ~[na:na]
	at org.eclipse.core.internal.events.ResourceDelta.accept(ResourceDelta.java:77) ~[na:na]
	at org.eclipse.core.internal.events.ResourceDelta.accept(ResourceDelta.java:51) ~[na:na]
	at org.eclipse.debug.internal.core.LaunchManager.resourceChanged(LaunchManager.java:2276) ~[na:na]
	at org.eclipse.core.internal.events.NotificationManager$1.run(NotificationManager.java:300) ~[na:na]
	at org.eclipse.core.runtime.SafeRunner.run(SafeRunner.java:45) ~[org.eclipse.equinox.common_3.10.100.v20180827-1235.jar:na]
	at org.eclipse.core.internal.events.NotificationManager.notify(NotificationManager.java:290) ~[na:na]
	at org.eclipse.core.internal.events.NotificationManager.broadcastChanges(NotificationManager.java:153) ~[na:na]
	at org.eclipse.core.internal.resources.Workspace.broadcastPostChange(Workspace.java:379) ~[na:na]
	at org.eclipse.core.internal.resources.Workspace.endOperation(Workspace.java:1502) ~[na:na]
	at org.eclipse.core.internal.resources.InternalWorkspaceJob.run(InternalWorkspaceJob.java:49) ~[na:na]
	at org.eclipse.core.internal.jobs.Worker.run(Worker.java:63) ~[org.eclipse.core.jobs_3.10.100.v20180817-1215.jar:na]
Caused by: java.lang.Exception: The resource tree is locked for modifications.
	at org.eclipse.core.internal.resources.ResourceException.provideStackTrace(ResourceException.java:42) ~[na:na]
	at org.eclipse.core.internal.resources.ResourceException.<init>(ResourceException.java:38) ~[na:na]
	... 31 common frames omitted
2021-01-10 19:33:54,724 [Worker-9: Refreshing workspace] ERROR o.e.m.j.i.l.MavenLaunchConfigurationListener - The resource tree is locked for modifications.
org.eclipse.core.internal.resources.ResourceException: The resource tree is locked for modifications.
	at org.eclipse.core.internal.resources.WorkManager.checkIn(WorkManager.java:122) ~[na:na]
	at org.eclipse.core.internal.resources.Workspace.prepareOperation(Workspace.java:2240) ~[na:na]
	at org.eclipse.core.internal.resources.Workspace.run(Workspace.java:2287) ~[na:na]
	at org.eclipse.core.internal.resources.Workspace.run(Workspace.java:2319) ~[na:na]
	at org.eclipse.debug.internal.core.LaunchConfigurationWorkingCopy.doSave(LaunchConfigurationWorkingCopy.java:225) ~[na:na]
	at org.eclipse.debug.internal.core.LaunchConfigurationWorkingCopy.doSave(LaunchConfigurationWorkingCopy.java:186) ~[na:na]
	at org.eclipse.m2e.jdt.internal.launch.MavenRuntimeClasspathProvider.enable(MavenRuntimeClasspathProvider.java:341) ~[na:na]
	at org.eclipse.m2e.jdt.internal.launch.MavenLaunchConfigurationListener.updateLaunchConfiguration(MavenLaunchConfigurationListener.java:55) ~[na:na]
	at org.eclipse.m2e.jdt.internal.launch.MavenLaunchConfigurationListener.launchConfigurationAdded(MavenLaunchConfigurationListener.java:34) ~[na:na]
	at org.eclipse.debug.internal.core.LaunchManager$ConfigurationNotifier.run(LaunchManager.java:219) ~[na:na]
	at org.eclipse.core.runtime.SafeRunner.run(SafeRunner.java:45) ~[org.eclipse.equinox.common_3.10.100.v20180827-1235.jar:na]
	at org.eclipse.debug.internal.core.LaunchManager$ConfigurationNotifier.notify(LaunchManager.java:209) ~[na:na]
	at org.eclipse.debug.internal.core.LaunchManager.launchConfigurationAdded(LaunchManager.java:2124) ~[na:na]
	at org.eclipse.debug.internal.core.LaunchManager$LaunchManagerVisitor.visit(LaunchManager.java:372) ~[na:na]
	at org.eclipse.core.internal.events.ResourceDelta.accept(ResourceDelta.java:67) ~[na:na]
	at org.eclipse.core.internal.events.ResourceDelta.accept(ResourceDelta.java:77) ~[na:na]
	at org.eclipse.core.internal.events.ResourceDelta.accept(ResourceDelta.java:77) ~[na:na]
	at org.eclipse.core.internal.events.ResourceDelta.accept(ResourceDelta.java:77) ~[na:na]
	at org.eclipse.core.internal.events.ResourceDelta.accept(ResourceDelta.java:77) ~[na:na]
	at org.eclipse.core.internal.events.ResourceDelta.accept(ResourceDelta.java:77) ~[na:na]
	at org.eclipse.core.internal.events.ResourceDelta.accept(ResourceDelta.java:77) ~[na:na]
	at org.eclipse.core.internal.events.ResourceDelta.accept(ResourceDelta.java:51) ~[na:na]
	at org.eclipse.debug.internal.core.LaunchManager.resourceChanged(LaunchManager.java:2276) ~[na:na]
	at org.eclipse.core.internal.events.NotificationManager$1.run(NotificationManager.java:300) ~[na:na]
	at org.eclipse.core.runtime.SafeRunner.run(SafeRunner.java:45) ~[org.eclipse.equinox.common_3.10.100.v20180827-1235.jar:na]
	at org.eclipse.core.internal.events.NotificationManager.notify(NotificationManager.java:290) ~[na:na]
	at org.eclipse.core.internal.events.NotificationManager.broadcastChanges(NotificationManager.java:153) ~[na:na]
	at org.eclipse.core.internal.resources.Workspace.broadcastPostChange(Workspace.java:379) ~[na:na]
	at org.eclipse.core.internal.resources.Workspace.endOperation(Workspace.java:1502) ~[na:na]
	at org.eclipse.core.internal.resources.InternalWorkspaceJob.run(InternalWorkspaceJob.java:49) ~[na:na]
	at org.eclipse.core.internal.jobs.Worker.run(Worker.java:63) ~[org.eclipse.core.jobs_3.10.100.v20180817-1215.jar:na]
Caused by: java.lang.Exception: The resource tree is locked for modifications.
	at org.eclipse.core.internal.resources.ResourceException.provideStackTrace(ResourceException.java:42) ~[na:na]
	at org.eclipse.core.internal.resources.ResourceException.<init>(ResourceException.java:38) ~[na:na]
	... 31 common frames omitted
2021-01-10 19:33:54,745 [Worker-9: Refreshing workspace] ERROR o.e.m.j.i.l.MavenLaunchConfigurationListener - The resource tree is locked for modifications.
org.eclipse.core.internal.resources.ResourceException: The resource tree is locked for modifications.
	at org.eclipse.core.internal.resources.WorkManager.checkIn(WorkManager.java:122) ~[na:na]
	at org.eclipse.core.internal.resources.Workspace.prepareOperation(Workspace.java:2240) ~[na:na]
	at org.eclipse.core.internal.resources.Workspace.run(Workspace.java:2287) ~[na:na]
	at org.eclipse.core.internal.resources.Workspace.run(Workspace.java:2319) ~[na:na]
	at org.eclipse.debug.internal.core.LaunchConfigurationWorkingCopy.doSave(LaunchConfigurationWorkingCopy.java:225) ~[na:na]
	at org.eclipse.debug.internal.core.LaunchConfigurationWorkingCopy.doSave(LaunchConfigurationWorkingCopy.java:186) ~[na:na]
	at org.eclipse.m2e.jdt.internal.launch.MavenRuntimeClasspathProvider.enable(MavenRuntimeClasspathProvider.java:341) ~[na:na]
	at org.eclipse.m2e.jdt.internal.launch.MavenLaunchConfigurationListener.updateLaunchConfiguration(MavenLaunchConfigurationListener.java:55) ~[na:na]
	at org.eclipse.m2e.jdt.internal.launch.MavenLaunchConfigurationListener.launchConfigurationAdded(MavenLaunchConfigurationListener.java:34) ~[na:na]
	at org.eclipse.debug.internal.core.LaunchManager$ConfigurationNotifier.run(LaunchManager.java:219) ~[na:na]
	at org.eclipse.core.runtime.SafeRunner.run(SafeRunner.java:45) ~[org.eclipse.equinox.common_3.10.100.v20180827-1235.jar:na]
	at org.eclipse.debug.internal.core.LaunchManager$ConfigurationNotifier.notify(LaunchManager.java:209) ~[na:na]
	at org.eclipse.debug.internal.core.LaunchManager.launchConfigurationAdded(LaunchManager.java:2124) ~[na:na]
	at org.eclipse.debug.internal.core.LaunchManager$LaunchManagerVisitor.visit(LaunchManager.java:372) ~[na:na]
	at org.eclipse.core.internal.events.ResourceDelta.accept(ResourceDelta.java:67) ~[na:na]
	at org.eclipse.core.internal.events.ResourceDelta.accept(ResourceDelta.java:77) ~[na:na]
	at org.eclipse.core.internal.events.ResourceDelta.accept(ResourceDelta.java:77) ~[na:na]
	at org.eclipse.core.internal.events.ResourceDelta.accept(ResourceDelta.java:77) ~[na:na]
	at org.eclipse.core.internal.events.ResourceDelta.accept(ResourceDelta.java:77) ~[na:na]
	at org.eclipse.core.internal.events.ResourceDelta.accept(ResourceDelta.java:77) ~[na:na]
	at org.eclipse.core.internal.events.ResourceDelta.accept(ResourceDelta.java:77) ~[na:na]
	at org.eclipse.core.internal.events.ResourceDelta.accept(ResourceDelta.java:51) ~[na:na]
	at org.eclipse.debug.internal.core.LaunchManager.resourceChanged(LaunchManager.java:2276) ~[na:na]
	at org.eclipse.core.internal.events.NotificationManager$1.run(NotificationManager.java:300) ~[na:na]
	at org.eclipse.core.runtime.SafeRunner.run(SafeRunner.java:45) ~[org.eclipse.equinox.common_3.10.100.v20180827-1235.jar:na]
	at org.eclipse.core.internal.events.NotificationManager.notify(NotificationManager.java:290) ~[na:na]
	at org.eclipse.core.internal.events.NotificationManager.broadcastChanges(NotificationManager.java:153) ~[na:na]
	at org.eclipse.core.internal.resources.Workspace.broadcastPostChange(Workspace.java:379) ~[na:na]
	at org.eclipse.core.internal.resources.Workspace.endOperation(Workspace.java:1502) ~[na:na]
	at org.eclipse.core.internal.resources.InternalWorkspaceJob.run(InternalWorkspaceJob.java:49) ~[na:na]
	at org.eclipse.core.internal.jobs.Worker.run(Worker.java:63) ~[org.eclipse.core.jobs_3.10.100.v20180817-1215.jar:na]
Caused by: java.lang.Exception: The resource tree is locked for modifications.
	at org.eclipse.core.internal.resources.ResourceException.provideStackTrace(ResourceException.java:42) ~[na:na]
	at org.eclipse.core.internal.resources.ResourceException.<init>(ResourceException.java:38) ~[na:na]
	... 31 common frames omitted
2021-01-10 19:33:54,759 [Worker-9: Refreshing workspace] ERROR o.e.m.j.i.l.MavenLaunchConfigurationListener - The resource tree is locked for modifications.
org.eclipse.core.internal.resources.ResourceException: The resource tree is locked for modifications.
	at org.eclipse.core.internal.resources.WorkManager.checkIn(WorkManager.java:122) ~[na:na]
	at org.eclipse.core.internal.resources.Workspace.prepareOperation(Workspace.java:2240) ~[na:na]
	at org.eclipse.core.internal.resources.Workspace.run(Workspace.java:2287) ~[na:na]
	at org.eclipse.core.internal.resources.Workspace.run(Workspace.java:2319) ~[na:na]
	at org.eclipse.debug.internal.core.LaunchConfigurationWorkingCopy.doSave(LaunchConfigurationWorkingCopy.java:225) ~[na:na]
	at org.eclipse.debug.internal.core.LaunchConfigurationWorkingCopy.doSave(LaunchConfigurationWorkingCopy.java:186) ~[na:na]
	at org.eclipse.m2e.jdt.internal.launch.MavenRuntimeClasspathProvider.enable(MavenRuntimeClasspathProvider.java:341) ~[na:na]
	at org.eclipse.m2e.jdt.internal.launch.MavenLaunchConfigurationListener.updateLaunchConfiguration(MavenLaunchConfigurationListener.java:55) ~[na:na]
	at org.eclipse.m2e.jdt.internal.launch.MavenLaunchConfigurationListener.launchConfigurationAdded(MavenLaunchConfigurationListener.java:34) ~[na:na]
	at org.eclipse.debug.internal.core.LaunchManager$ConfigurationNotifier.run(LaunchManager.java:219) ~[na:na]
	at org.eclipse.core.runtime.SafeRunner.run(SafeRunner.java:45) ~[org.eclipse.equinox.common_3.10.100.v20180827-1235.jar:na]
	at org.eclipse.debug.internal.core.LaunchManager$ConfigurationNotifier.notify(LaunchManager.java:209) ~[na:na]
	at org.eclipse.debug.internal.core.LaunchManager.launchConfigurationAdded(LaunchManager.java:2124) ~[na:na]
	at org.eclipse.debug.internal.core.LaunchManager$LaunchManagerVisitor.visit(LaunchManager.java:372) ~[na:na]
	at org.eclipse.core.internal.events.ResourceDelta.accept(ResourceDelta.java:67) ~[na:na]
	at org.eclipse.core.internal.events.ResourceDelta.accept(ResourceDelta.java:77) ~[na:na]
	at org.eclipse.core.internal.events.ResourceDelta.accept(ResourceDelta.java:77) ~[na:na]
	at org.eclipse.core.internal.events.ResourceDelta.accept(ResourceDelta.java:77) ~[na:na]
	at org.eclipse.core.internal.events.ResourceDelta.accept(ResourceDelta.java:77) ~[na:na]
	at org.eclipse.core.internal.events.ResourceDelta.accept(ResourceDelta.java:77) ~[na:na]
	at org.eclipse.core.internal.events.ResourceDelta.accept(ResourceDelta.java:77) ~[na:na]
	at org.eclipse.core.internal.events.ResourceDelta.accept(ResourceDelta.java:51) ~[na:na]
	at org.eclipse.debug.internal.core.LaunchManager.resourceChanged(LaunchManager.java:2276) ~[na:na]
	at org.eclipse.core.internal.events.NotificationManager$1.run(NotificationManager.java:300) ~[na:na]
	at org.eclipse.core.runtime.SafeRunner.run(SafeRunner.java:45) ~[org.eclipse.equinox.common_3.10.100.v20180827-1235.jar:na]
	at org.eclipse.core.internal.events.NotificationManager.notify(NotificationManager.java:290) ~[na:na]
	at org.eclipse.core.internal.events.NotificationManager.broadcastChanges(NotificationManager.java:153) ~[na:na]
	at org.eclipse.core.internal.resources.Workspace.broadcastPostChange(Workspace.java:379) ~[na:na]
	at org.eclipse.core.internal.resources.Workspace.endOperation(Workspace.java:1502) ~[na:na]
	at org.eclipse.core.internal.resources.InternalWorkspaceJob.run(InternalWorkspaceJob.java:49) ~[na:na]
	at org.eclipse.core.internal.jobs.Worker.run(Worker.java:63) ~[org.eclipse.core.jobs_3.10.100.v20180817-1215.jar:na]
Caused by: java.lang.Exception: The resource tree is locked for modifications.
	at org.eclipse.core.internal.resources.ResourceException.provideStackTrace(ResourceException.java:42) ~[na:na]
	at org.eclipse.core.internal.resources.ResourceException.<init>(ResourceException.java:38) ~[na:na]
	... 31 common frames omitted
2021-01-10 19:33:54,776 [Worker-9: Refreshing workspace] ERROR o.e.m.j.i.l.MavenLaunchConfigurationListener - The resource tree is locked for modifications.
org.eclipse.core.internal.resources.ResourceException: The resource tree is locked for modifications.
	at org.eclipse.core.internal.resources.WorkManager.checkIn(WorkManager.java:122) ~[na:na]
	at org.eclipse.core.internal.resources.Workspace.prepareOperation(Workspace.java:2240) ~[na:na]
	at org.eclipse.core.internal.resources.Workspace.run(Workspace.java:2287) ~[na:na]
	at org.eclipse.core.internal.resources.Workspace.run(Workspace.java:2319) ~[na:na]
	at org.eclipse.debug.internal.core.LaunchConfigurationWorkingCopy.doSave(LaunchConfigurationWorkingCopy.java:225) ~[na:na]
	at org.eclipse.debug.internal.core.LaunchConfigurationWorkingCopy.doSave(LaunchConfigurationWorkingCopy.java:186) ~[na:na]
	at org.eclipse.m2e.jdt.internal.launch.MavenRuntimeClasspathProvider.enable(MavenRuntimeClasspathProvider.java:341) ~[na:na]
	at org.eclipse.m2e.jdt.internal.launch.MavenLaunchConfigurationListener.updateLaunchConfiguration(MavenLaunchConfigurationListener.java:55) ~[na:na]
	at org.eclipse.m2e.jdt.internal.launch.MavenLaunchConfigurationListener.launchConfigurationAdded(MavenLaunchConfigurationListener.java:34) ~[na:na]
	at org.eclipse.debug.internal.core.LaunchManager$ConfigurationNotifier.run(LaunchManager.java:219) ~[na:na]
	at org.eclipse.core.runtime.SafeRunner.run(SafeRunner.java:45) ~[org.eclipse.equinox.common_3.10.100.v20180827-1235.jar:na]
	at org.eclipse.debug.internal.core.LaunchManager$ConfigurationNotifier.notify(LaunchManager.java:209) ~[na:na]
	at org.eclipse.debug.internal.core.LaunchManager.launchConfigurationAdded(LaunchManager.java:2124) ~[na:na]
	at org.eclipse.debug.internal.core.LaunchManager$LaunchManagerVisitor.visit(LaunchManager.java:372) ~[na:na]
	at org.eclipse.core.internal.events.ResourceDelta.accept(ResourceDelta.java:67) ~[na:na]
	at org.eclipse.core.internal.events.ResourceDelta.accept(ResourceDelta.java:77) ~[na:na]
	at org.eclipse.core.internal.events.ResourceDelta.accept(ResourceDelta.java:77) ~[na:na]
	at org.eclipse.core.internal.events.ResourceDelta.accept(ResourceDelta.java:77) ~[na:na]
	at org.eclipse.core.internal.events.ResourceDelta.accept(ResourceDelta.java:77) ~[na:na]
	at org.eclipse.core.internal.events.ResourceDelta.accept(ResourceDelta.java:77) ~[na:na]
	at org.eclipse.core.internal.events.ResourceDelta.accept(ResourceDelta.java:77) ~[na:na]
	at org.eclipse.core.internal.events.ResourceDelta.accept(ResourceDelta.java:51) ~[na:na]
	at org.eclipse.debug.internal.core.LaunchManager.resourceChanged(LaunchManager.java:2276) ~[na:na]
	at org.eclipse.core.internal.events.NotificationManager$1.run(NotificationManager.java:300) ~[na:na]
	at org.eclipse.core.runtime.SafeRunner.run(SafeRunner.java:45) ~[org.eclipse.equinox.common_3.10.100.v20180827-1235.jar:na]
	at org.eclipse.core.internal.events.NotificationManager.notify(NotificationManager.java:290) ~[na:na]
	at org.eclipse.core.internal.events.NotificationManager.broadcastChanges(NotificationManager.java:153) ~[na:na]
	at org.eclipse.core.internal.resources.Workspace.broadcastPostChange(Workspace.java:379) ~[na:na]
	at org.eclipse.core.internal.resources.Workspace.endOperation(Workspace.java:1502) ~[na:na]
	at org.eclipse.core.internal.resources.InternalWorkspaceJob.run(InternalWorkspaceJob.java:49) ~[na:na]
	at org.eclipse.core.internal.jobs.Worker.run(Worker.java:63) ~[org.eclipse.core.jobs_3.10.100.v20180817-1215.jar:na]
Caused by: java.lang.Exception: The resource tree is locked for modifications.
	at org.eclipse.core.internal.resources.ResourceException.provideStackTrace(ResourceException.java:42) ~[na:na]
	at org.eclipse.core.internal.resources.ResourceException.<init>(ResourceException.java:38) ~[na:na]
	... 31 common frames omitted
2021-01-10 19:34:00,403 [Worker-13: Building workspace] INFO  o.e.m.c.i.l.LifecycleMappingFactory - Using org.eclipse.m2e.jdt.JarLifecycleMapping lifecycle mapping for MavenProject: ro.sapientia.test1:unittest:0.0.1-SNAPSHOT @ /home/sapi/eclipse-workspace/sapi2/unittest/pom.xml.
2021-01-10 19:34:02,227 [Worker-13: Building workspace] INFO  o.e.m.c.i.embedder.EclipseLogger - Using 'UTF-8' encoding to copy filtered resources.
2021-01-10 19:34:02,227 [Worker-13: Building workspace] INFO  o.e.m.c.i.embedder.EclipseLogger - skip non existing resourceDirectory /home/sapi/eclipse-workspace/sapi2/unittest/src/main/resources
2021-01-10 19:34:02,238 [Worker-13: Building workspace] INFO  o.e.m.c.i.embedder.EclipseLogger - Using 'UTF-8' encoding to copy filtered resources.
2021-01-10 19:34:02,238 [Worker-13: Building workspace] INFO  o.e.m.c.i.embedder.EclipseLogger - skip non existing resourceDirectory /home/sapi/eclipse-workspace/sapi2/unittest/src/test/resources
